<?xml version="1.0" encoding="UTF-8"?>
<!-- Generated by org.testng.reporters.JUnitReportReporter -->
<testsuite hostname="CTLINLP-0891" name="com.insight.WebTest.ShipBillPay.SBP01_StoredCardsLoginAsTest" tests="1" failures="0" timestamp="25 Nov 2019 10:32:36 GMT" time="264.630" errors="0">
  <testcase name="Tc_SBP01" time="264.630" classname="com.insight.WebTest.ShipBillPay.SBP01_StoredCardsLoginAsTest"/>
</testsuite> <!-- com.insight.WebTest.ShipBillPay.SBP01_StoredCardsLoginAsTest -->
