<?xml version="1.0" encoding="UTF-8"?>
<!-- Generated by org.testng.reporters.JUnitReportReporter -->
<testsuite hostname="CTLINLP-0891" name="com.insight.WebTest.Cart.CRT25_QuickCheckOutTest" tests="1" failures="0" timestamp="19 Nov 2019 10:45:59 GMT" time="175.092" errors="0">
  <testcase name="TC_CRT25" time="175.092" classname="com.insight.WebTest.Cart.CRT25_QuickCheckOutTest"/>
</testsuite> <!-- com.insight.WebTest.Cart.CRT25_QuickCheckOutTest -->
