<?xml version="1.0" encoding="UTF-8"?>
<!-- Generated by org.testng.reporters.JUnitReportReporter -->
<testsuite hostname="CTLINLP-0891" name="com.insight.WebTest.OrderHistory.ODH08_OrderHistoryOrderDetailsTest" tests="1" failures="0" timestamp="20 Nov 2019 07:08:13 GMT" time="247.972" errors="0">
  <testcase name="ODH08" time="247.972" classname="com.insight.WebTest.OrderHistory.ODH08_OrderHistoryOrderDetailsTest"/>
</testsuite> <!-- com.insight.WebTest.OrderHistory.ODH08_OrderHistoryOrderDetailsTest -->
