<?xml version="1.0" encoding="UTF-8"?>
<!-- Generated by org.testng.reporters.JUnitReportReporter -->
<testsuite hostname="CTLINLP-0891" name="com.insight.WebTest.OrderHistory.ODH09_OrderHistorySearchFiltersTest" tests="1" failures="0" timestamp="20 Nov 2019 07:56:41 GMT" time="218.681" errors="0">
  <testcase name="Tc_ODH09" time="218.681" classname="com.insight.WebTest.OrderHistory.ODH09_OrderHistorySearchFiltersTest"/>
</testsuite> <!-- com.insight.WebTest.OrderHistory.ODH09_OrderHistorySearchFiltersTest -->
