<?xml version="1.0" encoding="UTF-8"?>
<!-- Generated by org.testng.reporters.JUnitReportReporter -->
<testsuite hostname="CTLINLP-0891" name="com.insight.WebTest.Cart.CRT22_CartInventoryTest" tests="1" failures="0" timestamp="19 Nov 2019 07:57:48 GMT" time="363.205" errors="0">
  <testcase name="Tc_CRT22" time="363.205" classname="com.insight.WebTest.Cart.CRT22_CartInventoryTest"/>
</testsuite> <!-- com.insight.WebTest.Cart.CRT22_CartInventoryTest -->
