<?xml version="1.0" encoding="UTF-8"?>
<!-- Generated by org.testng.reporters.JUnitReportReporter -->
<testsuite hostname="CTLINLP-0891" name="com.insight.WebTest.EUF.EUF02_FCTWebEndUserDefaultsPayment" tests="1" failures="0" timestamp="4 Nov 2019 12:05:55 GMT" time="213.215" errors="0">
  <testcase name="TC_EUF02" time="213.215" classname="com.insight.WebTest.EUF.EUF02_FCTWebEndUserDefaultsPayment"/>
</testsuite> <!-- com.insight.WebTest.EUF.EUF02_FCTWebEndUserDefaultsPayment -->
