<?xml version="1.0" encoding="UTF-8"?>
<!-- Generated by org.testng.reporters.JUnitReportReporter -->
<testsuite hostname="CTLINLP-0891" name="com.insight.WebTest.LNL.LNL06_LineLevelCartDetailsTest" tests="1" failures="0" timestamp="19 Nov 2019 08:51:07 GMT" time="525.060" errors="0">
  <testcase name="TC_LNL06" time="525.060" classname="com.insight.WebTest.LNL.LNL06_LineLevelCartDetailsTest"/>
</testsuite> <!-- com.insight.WebTest.LNL.LNL06_LineLevelCartDetailsTest -->
