<?xml version="1.0" encoding="UTF-8"?>
<!-- Generated by org.testng.reporters.JUnitReportReporter -->
<testsuite hostname="CTLINLP-0891" name="com.insight.WebTest.InvoiceHistory.IVH03_InvoiceDetailsHierachyTreeControls" tests="1" failures="0" timestamp="2 Nov 2019 13:32:17 GMT" time="280.742" errors="0">
  <testcase name="IVH03" time="280.742" classname="com.insight.WebTest.InvoiceHistory.IVH03_InvoiceDetailsHierachyTreeControls"/>
</testsuite> <!-- com.insight.WebTest.InvoiceHistory.IVH03_InvoiceDetailsHierachyTreeControls -->
