<?xml version="1.0" encoding="UTF-8"?>
<!-- Generated by org.testng.reporters.JUnitReportReporter -->
<testsuite hostname="CTLINLP-0891" name="com.insight.WebTest.Cart.CRT10_SendToColleagueIPSTest" tests="1" failures="0" timestamp="18 Nov 2019 13:52:48 GMT" time="170.518" errors="0">
  <testcase name="Tc_CRT10" time="170.518" classname="com.insight.WebTest.Cart.CRT10_SendToColleagueIPSTest"/>
</testsuite> <!-- com.insight.WebTest.Cart.CRT10_SendToColleagueIPSTest -->
