<?xml version="1.0" encoding="UTF-8"?>
<!-- Generated by org.testng.reporters.JUnitReportReporter -->
<testsuite hostname="CTLINLP-0891" name="com.insight.WebTest.Canada.CAN02_ShipBillPayEWRFeeTest" tests="1" failures="0" timestamp="19 Nov 2019 08:51:07 GMT" time="236.129" errors="0">
  <testcase name="TC_CAN02" time="236.129" classname="com.insight.WebTest.Canada.CAN02_ShipBillPayEWRFeeTest"/>
</testsuite> <!-- com.insight.WebTest.Canada.CAN02_ShipBillPayEWRFeeTest -->
