<?xml version="1.0" encoding="UTF-8"?>
<!-- Generated by org.testng.reporters.JUnitReportReporter -->
<testsuite hostname="CTLINLP-0891" name="com.insight.WebTest.Canada.CAN05_MenuSearchTest1" tests="1" failures="0" timestamp="19 Nov 2019 08:51:07 GMT" time="230.010" errors="0">
  <testcase name="TC_029" time="230.010" classname="com.insight.WebTest.Canada.CAN05_MenuSearchTest1"/>
</testsuite> <!-- com.insight.WebTest.Canada.CAN05_MenuSearchTest1 -->
