<?xml version="1.0" encoding="UTF-8"?>
<!-- Generated by org.testng.reporters.JUnitReportReporter -->
<testsuite hostname="CTLINLP-0891" name="com.insight.WebTest.OrderHistory.ODH01_OrderHistoryGenericSearch" tests="1" failures="0" timestamp="19 Nov 2019 08:51:07 GMT" time="271.396" errors="0">
  <testcase name="ODH01" time="271.396" classname="com.insight.WebTest.OrderHistory.ODH01_OrderHistoryGenericSearch"/>
</testsuite> <!-- com.insight.WebTest.OrderHistory.ODH01_OrderHistoryGenericSearch -->
