<?xml version="1.0" encoding="UTF-8"?>
<!-- Generated by org.testng.reporters.JUnitReportReporter -->
<testsuite hostname="CTLINLP-0891" name="com.insight.WebTest.Cart.CRT16_RequestorOptionsTest" tests="1" failures="0" timestamp="19 Nov 2019 06:59:47 GMT" time="203.244" errors="0">
  <testcase name="Tc_CRT16" time="203.244" classname="com.insight.WebTest.Cart.CRT16_RequestorOptionsTest"/>
</testsuite> <!-- com.insight.WebTest.Cart.CRT16_RequestorOptionsTest -->
