<?xml version="1.0" encoding="UTF-8"?>
<!-- Generated by org.testng.reporters.JUnitReportReporter -->
<testsuite hostname="CTLINLP-0891" name="com.insight.WebTest.OrderHistory.ODH11_OrderHistoryAccountSelectionTest" tests="1" failures="0" timestamp="20 Nov 2019 09:46:57 GMT" time="405.513" errors="0">
  <testcase name="Tc_ODH11" time="405.513" classname="com.insight.WebTest.OrderHistory.ODH11_OrderHistoryAccountSelectionTest"/>
</testsuite> <!-- com.insight.WebTest.OrderHistory.ODH11_OrderHistoryAccountSelectionTest -->
