<?xml version="1.0" encoding="UTF-8"?>
<!-- Generated by org.testng.reporters.JUnitReportReporter -->
<testsuite hostname="CTLINLP-0891" name="com.insight.WebTest.InvoiceHistory.IVH09_InvoiceHistoryViewPDFInvoiceDetailsIPS" tests="1" failures="0" timestamp="21 Nov 2019 10:24:52 GMT" time="225.378" errors="0">
  <testcase name="IVH09" time="225.378" classname="com.insight.WebTest.InvoiceHistory.IVH09_InvoiceHistoryViewPDFInvoiceDetailsIPS"/>
</testsuite> <!-- com.insight.WebTest.InvoiceHistory.IVH09_InvoiceHistoryViewPDFInvoiceDetailsIPS -->
