<?xml version="1.0" encoding="UTF-8"?>
<!-- Generated by org.testng.reporters.JUnitReportReporter -->
<testsuite hostname="CTLINLP-0891" name="com.insight.WebTest.OrderHistory.ODH02_OrderHistoryQuickSearch" tests="1" failures="0" timestamp="19 Nov 2019 08:51:07 GMT" time="507.079" errors="0">
  <testcase name="ODH02" time="507.079" classname="com.insight.WebTest.OrderHistory.ODH02_OrderHistoryQuickSearch"/>
</testsuite> <!-- com.insight.WebTest.OrderHistory.ODH02_OrderHistoryQuickSearch -->
