<?xml version="1.0" encoding="UTF-8"?>
<!-- Generated by org.testng.reporters.JUnitReportReporter -->
<testsuite hostname="CTLINLP-0891" name="com.insight.WebTest.EUF.EUF11_FCTWebEndUserHeadintheClouds" tests="1" failures="0" timestamp="5 Nov 2019 10:57:35 GMT" time="133.992" errors="0">
  <testcase name="TC_EUF11" time="133.992" classname="com.insight.WebTest.EUF.EUF11_FCTWebEndUserHeadintheClouds"/>
</testsuite> <!-- com.insight.WebTest.EUF.EUF11_FCTWebEndUserHeadintheClouds -->
