<?xml version="1.0" encoding="UTF-8"?>
<!-- Generated by org.testng.reporters.JUnitReportReporter -->
<testsuite hostname="CTLINLP-0891" name="com.insight.WebTest.EUF.EUF14_FCTWebEndUserPartnerProgramCEPP" tests="1" failures="0" timestamp="15 Nov 2019 12:56:10 GMT" time="254.192" errors="0">
  <testcase name="TC_EUF17" time="254.192" classname="com.insight.WebTest.EUF.EUF14_FCTWebEndUserPartnerProgramCEPP"/>
</testsuite> <!-- com.insight.WebTest.EUF.EUF14_FCTWebEndUserPartnerProgramCEPP -->
