<?xml version="1.0" encoding="UTF-8"?>
<!-- Generated by org.testng.reporters.JUnitReportReporter -->
<testsuite hostname="CTLINLP-0891" name="com.insight.WebTest.InvoiceHistory.IVH07_InvoiceHistorySearchSortOptions" tests="1" failures="0" timestamp="22 Oct 2019 06:46:15 GMT" time="224.386" errors="0">
  <testcase name="IVH07" time="224.386" classname="com.insight.WebTest.InvoiceHistory.IVH07_InvoiceHistorySearchSortOptions"/>
</testsuite> <!-- com.insight.WebTest.InvoiceHistory.IVH07_InvoiceHistorySearchSortOptions -->
