<?xml version="1.0" encoding="UTF-8"?>
<!-- Generated by org.testng.reporters.JUnitReportReporter -->
<testsuite hostname="CTLINDT-0704" name="com.insightWeb.script.CartTest" tests="1" failures="0" timestamp="19 Aug 2019 12:57:50 GMT" time="532.294" errors="0">
  <testcase name="CRT13_DeleteCartItems" time="532.294" classname="com.insightWeb.script.CartTest"/>
</testsuite> <!-- com.insightWeb.script.CartTest -->
