<?xml version="1.0" encoding="UTF-8"?>
<!-- Generated by org.testng.reporters.JUnitReportReporter -->
<testsuite hostname="CTLINLP-0891" name="com.insight.WebTest.EUF.EUF15_FCTWebPasswordExpired" tests="1" failures="0" timestamp="6 Nov 2019 06:12:32 GMT" time="90.793" errors="0">
  <testcase name="TC_EUF15" time="90.793" classname="com.insight.WebTest.EUF.EUF15_FCTWebPasswordExpired"/>
</testsuite> <!-- com.insight.WebTest.EUF.EUF15_FCTWebPasswordExpired -->
