<?xml version="1.0" encoding="UTF-8"?>
<!-- Generated by org.testng.reporters.JUnitReportReporter -->
<testsuite hostname="CTLINLP-0891" name="com.insight.WebTest.InvoiceHistory.IVH04_InvoiceHierachyTreeTreeGlobal" tests="1" failures="0" timestamp="31 Oct 2019 17:13:41 GMT" time="245.591" errors="0">
  <testcase name="IVH08" time="245.591" classname="com.insight.WebTest.InvoiceHistory.IVH04_InvoiceHierachyTreeTreeGlobal"/>
</testsuite> <!-- com.insight.WebTest.InvoiceHistory.IVH04_InvoiceHierachyTreeTreeGlobal -->
