<?xml version="1.0" encoding="UTF-8"?>
<!-- Generated by org.testng.reporters.JUnitReportReporter -->
<testsuite hostname="CTLINLP-0891" name="com.insight.WebTest.EUF.EUF03_FCTWebEndUserAccountFavs" tests="1" failures="0" timestamp="8 Nov 2019 10:57:48 GMT" time="152.024" errors="0">
  <testcase name="TC_EUF03" time="152.024" classname="com.insight.WebTest.EUF.EUF03_FCTWebEndUserAccountFavs"/>
</testsuite> <!-- com.insight.WebTest.EUF.EUF03_FCTWebEndUserAccountFavs -->
