<?xml version="1.0" encoding="UTF-8"?>
<!-- Generated by org.testng.reporters.JUnitReportReporter -->
<testsuite hostname="CTLINLP-0891" name="com.insight.WebTest.OrderHistory.ODH09_OrderHistorySearchFilters" tests="1" failures="0" timestamp="29 Oct 2019 11:29:04 GMT" time="314.912" errors="0">
  <testcase name="TC_ODH09" time="314.912" classname="com.insight.WebTest.OrderHistory.ODH09_OrderHistorySearchFilters"/>
</testsuite> <!-- com.insight.WebTest.OrderHistory.ODH09_OrderHistorySearchFilters -->
