<?xml version="1.0" encoding="UTF-8"?>
<!-- Generated by org.testng.reporters.JUnitReportReporter -->
<testsuite hostname="CTLINLP-0891" name="com.insight.WebTest.Cart.CRT17_SaveCartLineLevelTest" tests="1" failures="0" timestamp="19 Nov 2019 07:08:19 GMT" time="288.775" errors="0">
  <testcase name="Tc_CRT17" time="288.775" classname="com.insight.WebTest.Cart.CRT17_SaveCartLineLevelTest"/>
</testsuite> <!-- com.insight.WebTest.Cart.CRT17_SaveCartLineLevelTest -->
