<?xml version="1.0" encoding="UTF-8"?>
<!-- Generated by org.testng.reporters.JUnitReportReporter -->
<testsuite hostname="CTLINLP-0891" name="com.insight.WebTest.OrderHistory.ODH02_OrderHistoryQuickSearchTest" tests="1" failures="0" timestamp="20 Nov 2019 07:03:14 GMT" time="490.947" errors="0">
  <testcase name="Tc_ODH02" time="490.947" classname="com.insight.WebTest.OrderHistory.ODH02_OrderHistoryQuickSearchTest"/>
</testsuite> <!-- com.insight.WebTest.OrderHistory.ODH02_OrderHistoryQuickSearchTest -->
