<?xml version="1.0" encoding="UTF-8"?>
<!-- Generated by org.testng.reporters.JUnitReportReporter -->
<testsuite hostname="CTLINLP-0891" name="com.insight.WebTest.Cart.CRT24_WebGuidedPurchaseTest" tests="1" failures="0" timestamp="19 Nov 2019 10:17:45 GMT" time="178.622" errors="0">
  <testcase name="TC_CRT24" time="178.622" classname="com.insight.WebTest.Cart.CRT24_WebGuidedPurchaseTest"/>
</testsuite> <!-- com.insight.WebTest.Cart.CRT24_WebGuidedPurchaseTest -->
