<?xml version="1.0" encoding="UTF-8"?>
<!-- Generated by org.testng.reporters.JUnitReportReporter -->
<testsuite hostname="CTLINLP-0891" name="com.insight.WebTest.QuoteHistory.QTH13_CQTRecalculatesOnFreightChange" tests="1" failures="0" timestamp="1 Nov 2019 09:52:02 GMT" time="415.410" errors="0">
  <testcase name="TC_QTH13" time="415.410" classname="com.insight.WebTest.QuoteHistory.QTH13_CQTRecalculatesOnFreightChange"/>
</testsuite> <!-- com.insight.WebTest.QuoteHistory.QTH13_CQTRecalculatesOnFreightChange -->
