<?xml version="1.0" encoding="UTF-8"?>
<!-- Generated by org.testng.reporters.JUnitReportReporter -->
<testsuite hostname="CTLINLP-0891" name="com.insight.WebTest.EUF.EUF19_FavoriteLinks" tests="1" failures="0" timestamp="6 Nov 2019 10:00:37 GMT" time="247.966" errors="0">
  <testcase name="TC_EUF19" time="247.966" classname="com.insight.WebTest.EUF.EUF19_FavoriteLinks"/>
</testsuite> <!-- com.insight.WebTest.EUF.EUF19_FavoriteLinks -->
