<?xml version="1.0" encoding="UTF-8"?>
<!-- Generated by org.testng.reporters.JUnitReportReporter -->
<testsuite hostname="CTLINLP-0891" name="com.insight.WebTest.EUF.EUF10_FCTWebEndUserForgotUserName" tests="1" failures="0" timestamp="4 Nov 2019 17:27:46 GMT" time="44.787" errors="0">
  <testcase name="TC_EUF10" time="44.787" classname="com.insight.WebTest.EUF.EUF10_FCTWebEndUserForgotUserName"/>
</testsuite> <!-- com.insight.WebTest.EUF.EUF10_FCTWebEndUserForgotUserName -->
