<?xml version="1.0" encoding="UTF-8"?>
<!-- Generated by org.testng.reporters.JUnitReportReporter -->
<testsuite hostname="CTLINLP-0891" name="com.insight.WebTest.Canada.CAN04_ShipBillPayFreightTest" tests="1" failures="0" timestamp="19 Nov 2019 08:51:07 GMT" time="283.219" errors="0">
  <testcase name="TC_CAN04" time="283.219" classname="com.insight.WebTest.Canada.CAN04_ShipBillPayFreightTest"/>
</testsuite> <!-- com.insight.WebTest.Canada.CAN04_ShipBillPayFreightTest -->
