<?xml version="1.0" encoding="UTF-8"?>
<!-- Generated by org.testng.reporters.JUnitReportReporter -->
<testsuite hostname="CTLINLP-0891" name="com.insight.WebTest.Cart.CRT04_CartPrintFriendlyTest" tests="1" failures="0" timestamp="10 Dec 2019 07:20:30 GMT" time="137.253" errors="0">
  <testcase name="Tc_CRT04" time="137.253" classname="com.insight.WebTest.Cart.CRT04_CartPrintFriendlyTest"/>
</testsuite> <!-- com.insight.WebTest.Cart.CRT04_CartPrintFriendlyTest -->
