<?xml version="1.0" encoding="UTF-8"?>
<!-- Generated by org.testng.reporters.JUnitReportReporter -->
<testsuite hostname="CTLINLP-0891" name="com.insight.WebTest.Cart.CRT13_DeleteCartItemsTest" tests="1" failures="0" timestamp="19 Nov 2019 06:46:53 GMT" time="197.002" errors="0">
  <testcase name="Tc_CRT13" time="197.002" classname="com.insight.WebTest.Cart.CRT13_DeleteCartItemsTest"/>
</testsuite> <!-- com.insight.WebTest.Cart.CRT13_DeleteCartItemsTest -->
