<?xml version="1.0" encoding="UTF-8"?>
<!-- Generated by org.testng.reporters.JUnitReportReporter -->
<testsuite hostname="CTLINLP-0891" name="com.insight.WebTest.OrderHistory.ODH11_OrderHistoryAccountSelection" tests="1" failures="0" timestamp="31 Oct 2019 09:25:39 GMT" time="444.708" errors="0">
  <testcase name="TC_ODH11" time="444.708" classname="com.insight.WebTest.OrderHistory.ODH11_OrderHistoryAccountSelection"/>
</testsuite> <!-- com.insight.WebTest.OrderHistory.ODH11_OrderHistoryAccountSelection -->
