<?xml version="1.0" encoding="UTF-8"?>
<!-- Generated by org.testng.reporters.JUnitReportReporter -->
<testsuite hostname="CTLINLP-0891" name="com.insight.WebTest.Cart.CRT02_CartBasicIPSTest" tests="1" failures="0" timestamp="10 Dec 2019 07:16:28 GMT" time="343.589" errors="0">
  <testcase name="Tc_CRT02" time="343.589" classname="com.insight.WebTest.Cart.CRT02_CartBasicIPSTest"/>
</testsuite> <!-- com.insight.WebTest.Cart.CRT02_CartBasicIPSTest -->
