<?xml version="1.0" encoding="UTF-8"?>
<!-- Generated by org.testng.reporters.JUnitReportReporter -->
<testsuite hostname="CTLINLP-0891" name="com.insight.WebTest.Cart.CRT03_CartExportTest" tests="1" failures="0" timestamp="21 Nov 2019 06:15:42 GMT" time="56.679" errors="0">
  <testcase name="Tc_CRT03" time="56.679" classname="com.insight.WebTest.Cart.CRT03_CartExportTest"/>
</testsuite> <!-- com.insight.WebTest.Cart.CRT03_CartExportTest -->
