<?xml version="1.0" encoding="UTF-8"?>
<!-- Generated by org.testng.reporters.JUnitReportReporter -->
<testsuite hostname="CTLINLP-0891" name="com.insight.WebTest.EUF.EUF01_FCTWebEndUserManageSoldtosTest" tests="1" failures="0" timestamp="7 Nov 2019 12:24:50 GMT" time="43.399" errors="0">
  <testcase name="TC_EUF01" time="43.399" classname="com.insight.WebTest.EUF.EUF01_FCTWebEndUserManageSoldtosTest"/>
</testsuite> <!-- com.insight.WebTest.EUF.EUF01_FCTWebEndUserManageSoldtosTest -->
