<?xml version="1.0" encoding="UTF-8"?>
<!-- Generated by org.testng.reporters.JUnitReportReporter -->
<testsuite hostname="CTLINLP-0891" name="com.insight.WebTest.EUF.EUF07_FCTWebEndUserDefaultsShippingCarrier" tests="1" failures="0" timestamp="4 Nov 2019 16:31:39 GMT" time="247.386" errors="0">
  <testcase name="TC_EUF07" time="247.386" classname="com.insight.WebTest.EUF.EUF07_FCTWebEndUserDefaultsShippingCarrier"/>
</testsuite> <!-- com.insight.WebTest.EUF.EUF07_FCTWebEndUserDefaultsShippingCarrier -->
