<?xml version="1.0" encoding="UTF-8"?>
<!-- Generated by org.testng.reporters.JUnitReportReporter -->
<testsuite hostname="CTLINLP-0891" name="com.insight.WebTest.OrderHistory.ODH08_OrderHistoryOrderDetails" tests="1" failures="0" timestamp="24 Oct 2019 12:33:52 GMT" time="192.462" errors="0">
  <testcase name="ODH08" time="192.462" classname="com.insight.WebTest.OrderHistory.ODH08_OrderHistoryOrderDetails"/>
</testsuite> <!-- com.insight.WebTest.OrderHistory.ODH08_OrderHistoryOrderDetails -->
