<?xml version="1.0" encoding="UTF-8"?>
<!-- Generated by org.testng.reporters.JUnitReportReporter -->
<testsuite hostname="CTLINLP-0891" name="com.insight.WebTest.Canada.CAN13_CartBundlesTest" tests="1" failures="0" timestamp="19 Nov 2019 08:51:07 GMT" time="39.551" errors="0">
  <testcase name="TC_CAN13" time="39.551" classname="com.insight.WebTest.Canada.CAN13_CartBundlesTest"/>
</testsuite> <!-- com.insight.WebTest.Canada.CAN13_CartBundlesTest -->
