<?xml version="1.0" encoding="UTF-8"?>
<!-- Generated by org.testng.reporters.JUnitReportReporter -->
<testsuite hostname="CTLINLP-0891" name="com.insight.WebTest.Cart.CRT12_TopNavTest" tests="1" failures="0" timestamp="19 Nov 2019 06:28:56 GMT" time="354.819" errors="0">
  <testcase name="Tc_CRT12" time="354.819" classname="com.insight.WebTest.Cart.CRT12_TopNavTest"/>
</testsuite> <!-- com.insight.WebTest.Cart.CRT12_TopNavTest -->
