<?xml version="1.0" encoding="UTF-8"?>
<!-- Generated by org.testng.reporters.JUnitReportReporter -->
<testsuite hostname="CTLINDT-2226" name="com.insight.WebTest.Cart.CRT08_SaveCartIPSTest" tests="1" failures="0" timestamp="6 Feb 2020 06:08:30 GMT" time="381.688" errors="0">
  <testcase name="TC_CRT08" time="381.688" classname="com.insight.WebTest.Cart.CRT08_SaveCartIPSTest"/>
</testsuite> <!-- com.insight.WebTest.Cart.CRT08_SaveCartIPSTest -->
