<?xml version="1.0" encoding="UTF-8"?>
<!-- Generated by org.testng.reporters.JUnitReportReporter -->
<testsuite hostname="CTLINLP-0891" name="com.insight.WebTest.OrderHistory.ODH10_OrderHistorySearchResultsFiltersTest" tests="1" failures="0" timestamp="20 Nov 2019 06:51:15 GMT" time="261.120" errors="0">
  <testcase name="TC_ODH10" time="261.120" classname="com.insight.WebTest.OrderHistory.ODH10_OrderHistorySearchResultsFiltersTest"/>
</testsuite> <!-- com.insight.WebTest.OrderHistory.ODH10_OrderHistorySearchResultsFiltersTest -->
