<?xml version="1.0" encoding="UTF-8"?>
<!-- Generated by org.testng.reporters.JUnitReportReporter -->
<testsuite hostname="CTLINLP-0891" name="com.insight.WebTest.OrderHistory.ODH01_OrderHistoryGenericSearchTest" tests="1" failures="0" timestamp="20 Nov 2019 06:51:14 GMT" time="289.228" errors="0">
  <testcase name="Tc_ODH01" time="289.228" classname="com.insight.WebTest.OrderHistory.ODH01_OrderHistoryGenericSearchTest"/>
</testsuite> <!-- com.insight.WebTest.OrderHistory.ODH01_OrderHistoryGenericSearchTest -->
