<?xml version="1.0" encoding="UTF-8"?>
<!-- Generated by org.testng.reporters.JUnitReportReporter -->
<testsuite hostname="CTLINLP-0891" name="com.insight.WebTest.OrderHistory.ODH10_OrderHistorySearchResultsFilters" tests="1" failures="0" timestamp="30 Oct 2019 10:55:58 GMT" time="241.164" errors="0">
  <testcase name="TC_ODH10" time="241.164" classname="com.insight.WebTest.OrderHistory.ODH10_OrderHistorySearchResultsFilters"/>
</testsuite> <!-- com.insight.WebTest.OrderHistory.ODH10_OrderHistorySearchResultsFilters -->
