<?xml version="1.0" encoding="UTF-8"?>
<!-- Generated by org.testng.reporters.JUnitReportReporter -->
<testsuite hostname="CTLINDT-2226" name="com.insight.WebTest.Cart.CRT05_QuickSearchTest" tests="1" failures="0" timestamp="7 Feb 2020 12:13:38 GMT" time="559.476" errors="0">
  <testcase name="Tc_CRT05" time="559.476" classname="com.insight.WebTest.Cart.CRT05_QuickSearchTest"/>
</testsuite> <!-- com.insight.WebTest.Cart.CRT05_QuickSearchTest -->
