<?xml version="1.0" encoding="UTF-8"?>
<!-- Generated by org.testng.reporters.JUnitReportReporter -->
<testsuite hostname="CTLINDT-2226" name="com.insight.WebTest.Cart.CRT23_LoginFromCartPricingTest" tests="1" failures="0" timestamp="7 Feb 2020 11:17:46 GMT" time="470.962" errors="0">
  <testcase name="Tc_CRT23" time="470.962" classname="com.insight.WebTest.Cart.CRT23_LoginFromCartPricingTest"/>
</testsuite> <!-- com.insight.WebTest.Cart.CRT23_LoginFromCartPricingTest -->
