<?xml version="1.0" encoding="UTF-8"?>
<!-- Generated by org.testng.reporters.JUnitReportReporter -->
<testsuite hostname="CTLINLP-0891" name="com.insight.WebTest.EUF.EUF09_FCTWebEndDisplayMyContactNotifications" tests="1" failures="0" timestamp="5 Nov 2019 10:07:04 GMT" time="156.174" errors="0">
  <testcase name="TC_EUF09" time="156.174" classname="com.insight.WebTest.EUF.EUF09_FCTWebEndDisplayMyContactNotifications"/>
</testsuite> <!-- com.insight.WebTest.EUF.EUF09_FCTWebEndDisplayMyContactNotifications -->
