<?xml version="1.0" encoding="UTF-8"?>
<!-- Generated by org.testng.reporters.JUnitReportReporter -->
<testsuite hostname="CTLINLP-0891" name="com.insight.SmartTest.Scripts.IUS.VQT02_IPSFreeGroundFreightTest" tests="1" failures="0" timestamp="28 Oct 2019 08:35:52 GMT" time="162.907" errors="0">
  <testcase name="VQT02_IPSFreeGroundFreight" time="162.907" classname="com.insight.SmartTest.Scripts.IUS.VQT02_IPSFreeGroundFreightTest"/>
</testsuite> <!-- com.insight.SmartTest.Scripts.IUS.VQT02_IPSFreeGroundFreightTest -->
