<?xml version="1.0" encoding="UTF-8"?>
<!-- Generated by org.testng.reporters.JUnitReportReporter -->
<testsuite hostname="CTLINLP-0891" name="com.insight.WebTest.Cart.CRT07_SaveCartTest" tests="1" failures="0" timestamp="10 Dec 2019 09:37:03 GMT" time="392.200" errors="0">
  <testcase name="Tc_CRT07" time="392.200" classname="com.insight.WebTest.Cart.CRT07_SaveCartTest"/>
</testsuite> <!-- com.insight.WebTest.Cart.CRT07_SaveCartTest -->
