<?xml version="1.0" encoding="UTF-8"?>
<!-- Generated by org.testng.reporters.JUnitReportReporter -->
<testsuite hostname="CTLINLP-0891" name="com.insight.WebTest.InvoiceHistory.IVH06_InvoiceDetailsHierachyTreeSelectAccount" tests="1" failures="0" timestamp="3 Nov 2019 09:09:43 GMT" time="238.554" errors="0">
  <testcase name="IVH06" time="238.554" classname="com.insight.WebTest.InvoiceHistory.IVH06_InvoiceDetailsHierachyTreeSelectAccount"/>
</testsuite> <!-- com.insight.WebTest.InvoiceHistory.IVH06_InvoiceDetailsHierachyTreeSelectAccount -->
