<?xml version="1.0" encoding="UTF-8"?>
<!-- Generated by org.testng.reporters.JUnitReportReporter -->
<testsuite hostname="CTLINLP-0891" name="com.insight.WebTest.CanadaTest" tests="1" failures="0" timestamp="16 Oct 2019 09:47:52 GMT" time="249.357" errors="0">
  <testcase name="CAN04_ShipBillPayFreight" time="249.357" classname="com.insight.WebTest.CanadaTest"/>
</testsuite> <!-- com.insight.WebTest.CanadaTest -->
