<?xml version="1.0" encoding="UTF-8"?>
<!-- Generated by org.testng.reporters.JUnitReportReporter -->
<testsuite hostname="CTLINLP-0891" name="com.insight.WebTest.Cart.CRT06_QuickSearchIPSTest" tests="1" failures="0" timestamp="10 Dec 2019 08:00:52 GMT" time="593.877" errors="0">
  <testcase name="Tc_CRT06" time="593.877" classname="com.insight.WebTest.Cart.CRT06_QuickSearchIPSTest"/>
</testsuite> <!-- com.insight.WebTest.Cart.CRT06_QuickSearchIPSTest -->
