<?xml version="1.0" encoding="UTF-8"?>
<!-- Generated by org.testng.reporters.JUnitReportReporter -->
<testsuite hostname="CTLINLP-0891" name="com.insight.WebTest.Canada.CAN07_CartBasicTest" tests="1" failures="0" timestamp="19 Nov 2019 08:51:07 GMT" time="467.713" errors="0">
  <testcase name="TC_CAN07" time="467.713" classname="com.insight.WebTest.Canada.CAN07_CartBasicTest"/>
</testsuite> <!-- com.insight.WebTest.Canada.CAN07_CartBasicTest -->
