<?xml version="1.0" encoding="UTF-8"?>
<!-- Generated by org.testng.reporters.JUnitReportReporter -->
<testsuite hostname="CTLINLP-0891" name="com.insight.WebTest.Cart.CRT11_ShippingEstimatorTest" tests="1" failures="0" timestamp="19 Nov 2019 06:06:35 GMT" time="540.603" errors="0">
  <testcase name="Tc_CRT11" time="540.603" classname="com.insight.WebTest.Cart.CRT11_ShippingEstimatorTest"/>
</testsuite> <!-- com.insight.WebTest.Cart.CRT11_ShippingEstimatorTest -->
