<?xml version="1.0" encoding="UTF-8"?>
<!-- Generated by org.testng.reporters.JUnitReportReporter -->
<testsuite hostname="CTLINLP-0891" name="com.insight.WebTest.InvoiceHistory.IVH01_InvoiceQuickSearch" tests="1" failures="0" timestamp="18 Oct 2019 11:17:04 GMT" time="910.762" errors="0">
  <testcase name="IVH01" time="910.762" classname="com.insight.WebTest.InvoiceHistory.IVH01_InvoiceQuickSearch"/>
</testsuite> <!-- com.insight.WebTest.InvoiceHistory.IVH01_InvoiceQuickSearch -->
