<?xml version="1.0" encoding="UTF-8"?>
<!-- Generated by org.testng.reporters.JUnitReportReporter -->
<testsuite hostname="CTLINLP-0891" name="com.insight.WebTest.InvoiceHistory.IVH02_InvoiceHistory15Days" tests="1" failures="0" timestamp="19 Oct 2019 15:47:05 GMT" time="184.099" errors="0">
  <testcase name="IVH02" time="184.099" classname="com.insight.WebTest.InvoiceHistory.IVH02_InvoiceHistory15Days"/>
</testsuite> <!-- com.insight.WebTest.InvoiceHistory.IVH02_InvoiceHistory15Days -->
