<?xml version="1.0" encoding="UTF-8"?>
<!-- Generated by org.testng.reporters.JUnitReportReporter -->
<testsuite hostname="CTLINLP-0891" name="com.insight.WebTest.Cart.CRT23_LoginFromCartPricingTest" tests="1" failures="0" timestamp="19 Nov 2019 09:26:21 GMT" time="221.492" errors="0">
  <testcase name="Tc_CRT23" time="221.492" classname="com.insight.WebTest.Cart.CRT23_LoginFromCartPricingTest"/>
</testsuite> <!-- com.insight.WebTest.Cart.CRT23_LoginFromCartPricingTest -->
