<?xml version="1.0" encoding="UTF-8"?>
<!-- Generated by org.testng.reporters.JUnitReportReporter -->
<testsuite hostname="CTLINLP-0891" name="com.insight.WebTest.InvoiceHistory.IVH10_InvoiceHistoryViewInvoiceSearchResults" tests="1" failures="0" timestamp="23 Oct 2019 07:59:01 GMT" time="219.167" errors="0">
  <testcase name="IVH10" time="219.167" classname="com.insight.WebTest.InvoiceHistory.IVH10_InvoiceHistoryViewInvoiceSearchResults"/>
</testsuite> <!-- com.insight.WebTest.InvoiceHistory.IVH10_InvoiceHistoryViewInvoiceSearchResults -->
