<?xml version="1.0" encoding="UTF-8"?>
<!-- Generated by org.testng.reporters.JUnitReportReporter -->
<testsuite hostname="CTLINDT-0704" name="com.inSight.scripts.InSightTest" tests="1" failures="0" timestamp="15 Jul 2019 12:54:34 GMT" time="0.798" errors="0">
  <testcase name="InSight_TC001" time="0.798" classname="com.inSight.scripts.InSightTest"/>
</testsuite> <!-- com.inSight.scripts.InSightTest -->
