<?xml version="1.0" encoding="UTF-8"?>
<!-- Generated by org.testng.reporters.JUnitReportReporter -->
<testsuite hostname="CTLINLP-0891" name="com.insight.SmartTest.Scripts.IUS.SER01_AccountSearchTest" tests="1" failures="0" timestamp="26 Oct 2019 07:50:27 GMT" time="126.571" errors="0">
  <testcase name="SER01_AccountSearch" time="126.571" classname="com.insight.SmartTest.Scripts.IUS.SER01_AccountSearchTest"/>
</testsuite> <!-- com.insight.SmartTest.Scripts.IUS.SER01_AccountSearchTest -->
