<?xml version="1.0" encoding="UTF-8"?>
<!-- Generated by org.testng.reporters.JUnitReportReporter -->
<testsuite hostname="CTLINLP-0891" name="com.insight.WebTest.Cart.CRT05_QuickSearchTest" tests="1" failures="0" timestamp="10 Dec 2019 07:28:25 GMT" time="197.422" errors="0">
  <testcase name="Tc_CRT05" time="197.422" classname="com.insight.WebTest.Cart.CRT05_QuickSearchTest"/>
</testsuite> <!-- com.insight.WebTest.Cart.CRT05_QuickSearchTest -->
