<?xml version="1.0" encoding="UTF-8"?>
<!-- Generated by org.testng.reporters.JUnitReportReporter -->
<testsuite hostname="CTLINLP-0891" name="com.insight.WebTest.Cart.CRT18_SaveCartShipBillPayTest" tests="1" failures="0" timestamp="19 Nov 2019 07:15:30 GMT" time="340.661" errors="0">
  <testcase name="Tc_CRT18" time="340.661" classname="com.insight.WebTest.Cart.CRT18_SaveCartShipBillPayTest"/>
</testsuite> <!-- com.insight.WebTest.Cart.CRT18_SaveCartShipBillPayTest -->
