<?xml version="1.0" encoding="UTF-8"?>
<!-- Generated by org.testng.reporters.JUnitReportReporter -->
<testsuite hostname="CTLINLP-0891" name="com.insight.WebTest.InvoiceHistory.IVH08_InvoiceHistoryDetails" tests="1" failures="0" timestamp="21 Nov 2019 10:44:47 GMT" time="514.169" errors="0">
  <testcase name="IVH08" time="514.169" classname="com.insight.WebTest.InvoiceHistory.IVH08_InvoiceHistoryDetails"/>
</testsuite> <!-- com.insight.WebTest.InvoiceHistory.IVH08_InvoiceHistoryDetails -->
