<?xml version="1.0" encoding="UTF-8"?>
<!-- Generated by org.testng.reporters.JUnitReportReporter -->
<testsuite hostname="CTLINLP-0891" name="com.insight.WebTest.Cart.CRT01_CartBasicTest" tests="1" failures="0" timestamp="10 Dec 2019 07:07:40 GMT" time="310.611" errors="0">
  <testcase name="Tc_CRT01" time="310.611" classname="com.insight.WebTest.Cart.CRT01_CartBasicTest"/>
</testsuite> <!-- com.insight.WebTest.Cart.CRT01_CartBasicTest -->
