<?xml version="1.0" encoding="UTF-8"?>
<!-- Generated by org.testng.reporters.JUnitReportReporter -->
<testsuite hostname="CTLINLP-0891" name="com.insight.WebTest.Cart.CRT08_SaveCartIPSTest" tests="1" failures="0" timestamp="18 Nov 2019 13:42:44 GMT" time="228.090" errors="0">
  <testcase name="TC_CRT08" time="228.090" classname="com.insight.WebTest.Cart.CRT08_SaveCartIPSTest"/>
</testsuite> <!-- com.insight.WebTest.Cart.CRT08_SaveCartIPSTest -->
