<?xml version="1.0" encoding="UTF-8"?>
<!-- Generated by org.testng.reporters.JUnitReportReporter -->
<testsuite hostname="CTLINLP-0891" name="com.insight.WebTest.Canada.CAN01_ShipBillPayTaxTest" tests="1" failures="0" timestamp="25 Nov 2019 10:42:34 GMT" time="318.448" errors="0">
  <testcase name="TC_CAN01" time="318.448" classname="com.insight.WebTest.Canada.CAN01_ShipBillPayTaxTest"/>
</testsuite> <!-- com.insight.WebTest.Canada.CAN01_ShipBillPayTaxTest -->
