<?xml version="1.0" encoding="UTF-8"?>
<!-- Generated by org.testng.reporters.JUnitReportReporter -->
<testsuite hostname="CTLINLP-0891" name="com.insight.WebTest.EUF.EUF05_FCTWebEndUserCreateCoPassEndUser" tests="1" failures="0" timestamp="8 Nov 2019 10:34:53 GMT" time="213.530" errors="0">
  <testcase name="TC_EUF05" time="213.530" classname="com.insight.WebTest.EUF.EUF05_FCTWebEndUserCreateCoPassEndUser"/>
</testsuite> <!-- com.insight.WebTest.EUF.EUF05_FCTWebEndUserCreateCoPassEndUser -->
